2016-01-25 21:26:29.795 UTC INFO [snaService] Starting, configuration file: ./kvroot/config.xml
2016-01-25 21:26:29.814 UTC INFO [snaService] Setting java.net.InetAddress cache ttl to: networkaddress.cache.ttl=-1 networkaddress.cache.negative.ttl=-1
2016-01-25 21:26:29.822 UTC INFO [snaService] Creating a Registry on port AUS2M-SPERL:5000 server socket factory:<ClearServerSocketFactory name=main backlog=100 port range=0,0>
2016-01-25 21:26:29.905 UTC INFO [snaService] Successfully created secure proxy for the storage node agent
2016-01-25 21:26:30.003 UTC INFO [snaService] Bound to registry port 5000 using name snaService with SSF:null
2016-01-25 21:26:30.004 UTC INFO [snaService] Using mgmt class oracle.kv.impl.mgmt.NoOpAgent
2016-01-25 21:26:30.411 UTC INFO [snaService] BootstrapAdmin: Starting AdminService
2016-01-25 21:26:30.412 UTC INFO [snaService] BootstrapAdmin: Started AdminService
2016-01-25 21:26:30.412 UTC INFO [snaService] Service status changed from STARTING to WAITING_FOR_DEPLOY
2016-01-25 21:26:30.423 UTC INFO [snaService] Starting in bootstrap mode
2016-01-25 21:26:30.424 UTC INFO [snaService] Starting commandService on rmi://AUS2M-SPERL:5000/commandService
2016-01-25 21:26:30.495 UTC INFO [snaService] Successfully created a secure proxy for commandService
2016-01-25 21:26:30.511 UTC INFO [snaService] Starting admin:CLIENT_ADMIN on rmi://AUS2M-SPERL:5000/admin:CLIENT_ADMIN
2016-01-25 21:26:30.518 UTC INFO [snaService] Successfully created a secure proxy for admin:CLIENT_ADMIN
2016-01-25 21:26:30.523 UTC INFO [snaService] Started AdminService
2016-01-25 21:26:30.524 UTC INFO [snaService] Thread returning for service BootstrapAdmin.5000
2016-01-25 21:26:32.088 UTC INFO [snaService] Changing log files to log directory for store kvstore
2016-01-25 21:26:34.416 UTC INFO [snaService] Register: root: ./kvroot, store: kvstore, hostingAdmin: true
2016-01-25 21:26:34.417 UTC INFO [snaService] System architecture is x86_64
2016-01-25 21:26:34.417 UTC INFO [snaService] Setting number of CPUs to 4
2016-01-25 21:26:34.442 UTC INFO [snaService] Starting, configuration file: ./kvroot/config.xml
2016-01-25 21:26:34.444 UTC INFO [snaService] Setting java.net.InetAddress cache ttl to: networkaddress.cache.ttl=-1 networkaddress.cache.negative.ttl=-1
2016-01-25 21:26:34.444 UTC INFO [snaService] Registered startup, config file: ./kvroot/kvstore/sn1/config.xml
2016-01-25 21:26:34.452 UTC INFO [snaService] Changing log files to directory: ./kvroot/kvstore/log
2016-01-27 22:18:30.657 UTC INFO [snaService] Starting, configuration file: ./kvroot/config.xml
2016-01-27 22:18:30.668 UTC INFO [snaService] Setting java.net.InetAddress cache ttl to: networkaddress.cache.ttl=-1 networkaddress.cache.negative.ttl=-1
2016-01-27 22:18:30.685 UTC INFO [snaService] Registered startup, config file: ./kvroot/kvstore/sn1/config.xml
2016-01-27 22:18:30.715 UTC INFO [snaService] Changing log files to directory: ./kvroot/kvstore/log
2016-02-03 22:40:05.152 UTC INFO [snaService] Starting, configuration file: ./kvroot/config.xml
2016-02-03 22:40:05.159 UTC INFO [snaService] Setting java.net.InetAddress cache ttl to: networkaddress.cache.ttl=-1 networkaddress.cache.negative.ttl=-1
2016-02-03 22:40:05.172 UTC INFO [snaService] Registered startup, config file: ./kvroot/kvstore/sn1/config.xml
2016-02-03 22:40:05.201 UTC INFO [snaService] Changing log files to directory: ./kvroot/kvstore/log
